<?xml version="1.0" encoding="UTF-8"?>
<!-- Generated by org.testng.reporters.JUnitReportReporter -->
<testsuite hostname="DESKTOP-I3VEVNM" name="com.test.module1testscripts2.TestClass2" tests="1" failures="0" timestamp="25 Apr 2018 02:17:50 GMT" time="15.117" errors="0">
  <testcase name="testsample1" time="15.117" classname="com.test.module1testscripts2.TestClass2"/>
</testsuite> <!-- com.test.module1testscripts2.TestClass2 -->
