<?xml version="1.0" encoding="UTF-8"?>
<!-- Generated by org.testng.reporters.JUnitReportReporter -->
<testsuite hostname="DESKTOP-I3VEVNM" name="com.test.module1testscripts2.RemoteDriver" tests="1" failures="0" timestamp="4 May 2018 02:00:38 GMT" time="1.778" errors="0">
  <testcase name="createDriverInstance" time="1.778" classname="com.test.module1testscripts2.RemoteDriver"/>
</testsuite> <!-- com.test.module1testscripts2.RemoteDriver -->
