<?xml version="1.0" encoding="UTF-8"?>
<!-- Generated by org.testng.reporters.JUnitReportReporter -->
<testsuite hostname="DESKTOP-I3VEVNM" name="com.test.module1testscripts.TestClass1" tests="1" failures="0" timestamp="15 Sep 2018 10:31:19 GMT" time="55.349" errors="0">
  <testcase name="testsample1" time="55.349" classname="com.test.module1testscripts.TestClass1"/>
</testsuite> <!-- com.test.module1testscripts.TestClass1 -->
