<?xml version="1.0" encoding="UTF-8"?>
<!-- Generated by org.testng.reporters.JUnitReportReporter -->
<testsuite hostname="DESKTOP-I3VEVNM" name="com.test.module1testscripts3.TestClass2" tests="1" failures="0" timestamp="28 Jul 2018 10:02:55 GMT" time="23.315" errors="0">
  <testcase name="testsample1" time="23.315" classname="com.test.module1testscripts3.TestClass2"/>
</testsuite> <!-- com.test.module1testscripts3.TestClass2 -->
